<?xml version="1.0" encoding="UTF-8"?>
<testng-results ignored="1" total="2" passed="1" failed="0" skipped="0">
  <reporter-output>
  </reporter-output>
  <suite started-at="2026-02-02T18:11:45 GMT" name="Default Suite" finished-at="2026-02-02T18:11:46 GMT" duration-ms="1202">
    <groups>
    </groups>
    <test started-at="2026-02-02T18:11:45 GMT" name="RestAssured" finished-at="2026-02-02T18:11:46 GMT" duration-ms="1202">
      <class name="APITests">
        <test-method signature="testAPI2()[pri:0, instance:APITests@4cc451f2]" started-at="2026-02-02T18:11:45 GMT" name="testAPI2" finished-at="2026-02-02T18:11:46 GMT" duration-ms="1181" status="PASS">
          <reporter-output>
          </reporter-output>
        </test-method> <!-- testAPI2 -->
      </class> <!-- APITests -->
    </test> <!-- RestAssured -->
  </suite> <!-- Default Suite -->
</testng-results>
